<?xml version="1.0" encoding="UTF-8"?>
<testng-results skipped="0" failed="0" total="1" passed="1">
  <reporter-output>
    <line>
      <![CDATA[Setting up reports and Test is getting ready]]>
    </line>
    <line>
      <![CDATA[Setting up is Done - Test can be started]]>
    </line>
    <line>
      <![CDATA[Setting up the browser and opening the URL]]>
    </line>
    <line>
      <![CDATA[Browser & app is up and running]]>
    </line>
    <line>
      <![CDATA[Test is about to end]]>
    </line>
    <line>
      <![CDATA[Tests Complete & Reports completed]]>
    </line>
    <line>
      <![CDATA[Closing the browser and quitting the session]]>
    </line>
  </reporter-output>
  <suite name="Default suite" duration-ms="64005" started-at="2021-08-01T03:33:27Z" finished-at="2021-08-01T03:34:31Z">
    <groups>
    </groups>
    <test name="Default test" duration-ms="64005" started-at="2021-08-01T03:33:27Z" finished-at="2021-08-01T03:34:31Z">
      <class name="com.testautomation.testcases.LoginTestCRM">
        <test-method status="PASS" signature="setUpSuite()[pri:0, instance:com.testautomation.testcases.LoginTestCRM@4f933fd1]" name="setUpSuite" is-config="true" duration-ms="802" started-at="2021-07-31T23:33:26Z" finished-at="2021-07-31T23:33:27Z">
          <reporter-output>
            <line>
              <![CDATA[Setting up reports and Test is getting ready]]>
            </line>
            <line>
              <![CDATA[Setting up is Done - Test can be started]]>
            </line>
          </reporter-output>
        </test-method> <!-- setUpSuite -->
        <test-method status="PASS" signature="setUp()[pri:0, instance:com.testautomation.testcases.LoginTestCRM@4f933fd1]" name="setUp" is-config="true" duration-ms="38433" started-at="2021-07-31T23:33:27Z" finished-at="2021-07-31T23:34:05Z">
          <reporter-output>
            <line>
              <![CDATA[Setting up the browser and opening the URL]]>
            </line>
            <line>
              <![CDATA[Browser & app is up and running]]>
            </line>
          </reporter-output>
        </test-method> <!-- setUp -->
        <test-method status="PASS" signature="loginApp()[pri:0, instance:com.testautomation.testcases.LoginTestCRM@4f933fd1]" name="loginApp" duration-ms="12286" started-at="2021-07-31T23:34:05Z" finished-at="2021-07-31T23:34:17Z">
          <reporter-output>
          </reporter-output>
        </test-method> <!-- loginApp -->
        <test-method status="PASS" signature="tearDownMethod(org.testng.ITestResult)[pri:0, instance:com.testautomation.testcases.LoginTestCRM@4f933fd1]" name="tearDownMethod" is-config="true" duration-ms="9272" started-at="2021-07-31T23:34:17Z" finished-at="2021-07-31T23:34:27Z">
          <params>
            <param index="0">
              <value>
                <![CDATA[[TestResult name=loginApp status=SUCCESS method=LoginTestCRM.loginApp()[pri:0, instance:com.testautomation.testcases.LoginTestCRM@4f933fd1] output={null}]]]>
              </value>
            </param>
          </params>
          <reporter-output>
            <line>
              <![CDATA[Test is about to end]]>
            </line>
            <line>
              <![CDATA[Tests Complete & Reports completed]]>
            </line>
          </reporter-output>
        </test-method> <!-- tearDownMethod -->
        <test-method status="PASS" signature="tearDown()[pri:0, instance:com.testautomation.testcases.LoginTestCRM@4f933fd1]" name="tearDown" is-config="true" duration-ms="3758" started-at="2021-07-31T23:34:27Z" finished-at="2021-07-31T23:34:31Z">
          <reporter-output>
            <line>
              <![CDATA[Closing the browser and quitting the session]]>
            </line>
          </reporter-output>
        </test-method> <!-- tearDown -->
      </class> <!-- com.testautomation.testcases.LoginTestCRM -->
    </test> <!-- Default test -->
  </suite> <!-- Default suite -->
</testng-results>
